#
# A fatal error has been detected by the Java Runtime Environment:
#
#  EXCEPTION_ACCESS_VIOLATION (0xc0000005) at pc=0x00000000588ef55f, pid=18392, tid=7536
#
# JRE version: Java(TM) SE Runtime Environment (17.0.1+12) (build 17.0.1+12-LTS-39)
# Java VM: Java HotSpot(TM) 64-Bit Server VM (17.0.1+12-LTS-39, mixed mode, sharing, tiered, compressed oops, compressed class ptrs, g1 gc, windows-amd64)
# Problematic frame:
# C  [nvoglv64.dll+0xbef55f]
#
# No core dump will be written. Minidumps are not enabled by default on client versions of Windows
#
# If you would like to submit a bug report, please visit:
#   https://bugreport.java.com/bugreport/crash.jsp
# The crash happened outside the Java Virtual Machine in native code.
# See problematic frame for where to report the bug.
#

---------------  S U M M A R Y ------------

Command Line: -javaagent:C:\Users\Edis Hasaj\IdeaProjects\GE-Attempt\lwjgl javas\lwjglx-debug-1.0.0.jar -javaagent:C:\Users\Edis Hasaj\IdeaProjects\GE-Attempt\lwjgl javas\lwjglx-debug-1.0.0.jar -Dfile.encoding=windows-1252 -Duser.country=US -Duser.language=en -Duser.variant Main

Host: Intel(R) Core(TM) i7-4910MQ CPU @ 2.90GHz, 8 cores, 15G,  Windows 10 , 64 bit Build 19041 (10.0.19041.1348)
Time: Mon Feb  7 16:57:18 2022 W. Europe Standard Time elapsed time: 70.255005 seconds (0d 0h 1m 10s)

---------------  T H R E A D  ---------------

Current thread (0x000002166f052160):  JavaThread "main" [_thread_in_native, id=7536, stack(0x000000e4c3600000,0x000000e4c3700000)]

Stack: [0x000000e4c3600000,0x000000e4c3700000],  sp=0x000000e4c36fdf78,  free space=1015k
Native frames: (J=compiled Java code, j=interpreted, Vv=VM code, C=native code)
C  [nvoglv64.dll+0xbef55f]

Java frames: (J=compiled Java code, j=interpreted, Vv=VM code)
j  org.lwjgl.opengl.GL11C.nglTexImage2D(IIIIIIIIJ)V+0
j  org.lwjgl.opengl.GL11C.glTexImage2D(IIIIIIIILjava/nio/ByteBuffer;)V+17
j  org.lwjgl.opengl.GL11.glTexImage2D(IIIIIIIILjava/nio/ByteBuffer;)V+14
j  org.lwjglx.debug.$Proxy$41.glTexImage2D52(IIIIIIIILjava/nio/ByteBuffer;)V+33
j  Render.Texture.<init>(Ljava/lang/String;)V+154
j  Engine.LevelScene.init()V+73
j  Engine.Window.changeScene(I)V+66
J 1862 c2 Engine.LevelEditorScene.update(F)V (174 bytes) @ 0x0000021607bbf340 [0x0000021607bbd3a0+0x0000000000001fa0]
j  Engine.Window.loop()V+56
j  Engine.Window.run()V+19
j  Main.main([Ljava/lang/String;)V+13
v  ~StubRoutines::call_stub

siginfo: EXCEPTION_ACCESS_VIOLATION (0xc0000005), reading address 0x000002167f85a000


Register to memory mapping:

RIP=0x00000000588ef55f nvoglv64.dll
RAX=0x000002167f859fe8 points into unknown readable memory: 0x0000000000000000 | 00 00 00 00 00 00 00 00
RBX=0x000002167f859c48 points into unknown readable memory: 0x0000000000000000 | 00 00 00 00 00 00 00 00
RCX=0x00000216187e5a40 points into unknown readable memory: 0x0000000000000000 | 00 00 00 00 00 00 00 00
RDX=0x000002167f859c48 points into unknown readable memory: 0x0000000000000000 | 00 00 00 00 00 00 00 00
RSP=0x000000e4c36fdf78 is pointing into the stack for thread: 0x000002166f052160
RBP=0x0000000000000400 is an unknown value
RSI=0x0 is NULL
RDI=0x00000216187e5660 points into unknown readable memory: 0x0000000000000000 | 00 00 00 00 00 00 00 00
R8 =0x0000000000000002 is an unknown value
R9 =0x0 is NULL
R10=0x0000000000000041 is an unknown value
R11=0x0000000000000006 is an unknown value
R12=0x0000000000000020 is an unknown value
R13=0x0000000058907640 nvoglv64.dll
R14=0x000002161c858040 points into unknown readable memory: 0x0800100400000009 | 09 00 00 00 04 10 00 08
R15=0x0000000000000008 is an unknown value


Registers:
RAX=0x000002167f859fe8, RBX=0x000002167f859c48, RCX=0x00000216187e5a40, RDX=0x000002167f859c48
RSP=0x000000e4c36fdf78, RBP=0x0000000000000400, RSI=0x0000000000000000, RDI=0x00000216187e5660
R8 =0x0000000000000002, R9 =0x0000000000000000, R10=0x0000000000000041, R11=0x0000000000000006
R12=0x0000000000000020, R13=0x0000000058907640, R14=0x000002161c858040, R15=0x0000000000000008
RIP=0x00000000588ef55f, EFLAGS=0x0000000000010202

Top of Stack: (sp=0x000000e4c36fdf78)
0x000000e4c36fdf78:   00000000588ef240 0000000000000010
0x000000e4c36fdf88:   000002167f84c000 0000000000000001
0x000000e4c36fdf98:   00000000588f8146 0000000000000428
0x000000e4c36fdfa8:   00000216163129d0 000002167f859c48
0x000000e4c36fdfb8:   0000000000000041 00000216187e5660
0x000000e4c36fdfc8:   0000000058808739 000000000000000c
0x000000e4c36fdfd8:   0000000000000440 000000000000010a
0x000000e4c36fdfe8:   0f14051d00000001 0000000058907640
0x000000e4c36fdff8:   000000e4c36fe394 0000100000000000
0x000000e4c36fe008:   00000216162dd3e0 000000e4c36fe3f8
0x000000e4c36fe018:   000000e4c36fe004 000000e4c36fe3a8
0x000000e4c36fe028:   000000e4c36fe3ac 0000000000000000
0x000000e4c36fe038:   0000000000000000 0000000000000000
0x000000e4c36fe048:   0000000000000000 0000004100000010
0x000000e4c36fe058:   0000004100000000 000000e4000001e1
0x000000e4c36fe068:   0000000000022000 00000216187d7520 

Instructions: (pc=0x00000000588ef55f)
0x00000000588ef45f:   cc f6 c2 0f 74 41 f6 c1 0f 74 1c 4d 85 c0 74 75
0x00000000588ef46f:   90 48 8d 49 10 0f 10 02 48 8d 52 10 0f 11 41 f0
0x00000000588ef47f:   49 83 e8 01 75 eb c3 4d 85 c0 74 59 0f 1f 44 00
0x00000000588ef48f:   00 48 8d 49 10 0f 10 02 48 8d 52 10 0f 11 41 f0
0x00000000588ef49f:   49 83 e8 01 75 eb c3 f6 c1 0f 74 1a 4d 85 c0 74
0x00000000588ef4af:   34 0f 10 02 48 8d 52 10 0f 11 01 48 8d 49 10 49
0x00000000588ef4bf:   83 e8 01 75 ec c3 4d 85 c0 74 1a 66 0f 1f 44 00
0x00000000588ef4cf:   00 0f 10 02 48 8d 52 10 0f 11 01 48 8d 49 10 49
0x00000000588ef4df:   83 e8 01 75 ec c3 cc cc cc cc cc cc cc cc cc cc
0x00000000588ef4ef:   cc f6 c2 0f 0f 84 85 00 00 00 f6 c1 0f 74 40 4d
0x00000000588ef4ff:   85 c0 0f 84 f6 00 00 00 48 83 c1 20 48 8d 42 20
0x00000000588ef50f:   90 48 8d 49 40 0f 10 58 e0 0f 10 50 f0 0f 10 08
0x00000000588ef51f:   0f 10 40 10 48 8d 40 40 0f 11 59 a0 0f 11 51 b0
0x00000000588ef52f:   0f 11 49 c0 0f 11 41 d0 49 83 e8 01 75 d3 c3 4d
0x00000000588ef53f:   85 c0 0f 84 b6 00 00 00 48 83 c1 20 48 8d 42 20
0x00000000588ef54f:   90 48 8d 49 40 0f 10 58 e0 0f 10 50 f0 0f 10 08
0x00000000588ef55f:   0f 10 40 10 48 8d 40 40 0f 11 59 a0 0f 11 51 b0
0x00000000588ef56f:   0f 11 49 c0 0f 11 41 d0 49 83 e8 01 75 d3 c3 f6
0x00000000588ef57f:   c1 0f 74 3b 4d 85 c0 74 75 48 83 c1 20 48 8d 42
0x00000000588ef58f:   20 0f 10 58 e0 48 8d 49 40 0f 10 50 f0 0f 10 08
0x00000000588ef59f:   0f 10 40 10 48 8d 40 40 0f 11 59 a0 0f 11 51 b0
0x00000000588ef5af:   0f 11 49 c0 0f 11 41 d0 49 83 e8 01 75 d3 c3 4d
0x00000000588ef5bf:   85 c0 74 3a 48 83 c1 20 48 8d 42 20 0f 1f 44 00
0x00000000588ef5cf:   00 0f 10 58 e0 48 8d 49 40 0f 10 50 f0 0f 10 08
0x00000000588ef5df:   0f 10 40 10 48 8d 40 40 0f 11 59 a0 0f 11 51 b0
0x00000000588ef5ef:   0f 11 49 c0 0f 11 41 d0 49 83 e8 01 75 d3 c3 cc
0x00000000588ef5ff:   cc 48 8b c4 48 89 58 18 48 89 68 20 56 57 41 57
0x00000000588ef60f:   48 81 ec 20 02 00 00 48 8b a9 b8 00 00 00 48 8b
0x00000000588ef61f:   d9 48 8b 79 08 48 8b b1 a8 00 00 00 48 8b d7 4c
0x00000000588ef62f:   8b b9 b0 00 00 00 48 85 ed 75 2f 4c 8d 88 68 fe
0x00000000588ef63f:   ff ff 48 89 74 24 20 4c 8d 40 08 e8 41 0a 00 00
0x00000000588ef64f:   84 c0 75 0c c7 43 28 01 00 00 00 e9 cf 01 00 00 


Stack slot to memory mapping:
stack at sp + 0 slots: 0x00000000588ef240 nvoglv64.dll
stack at sp + 1 slots: 0x0000000000000010 is an unknown value
stack at sp + 2 slots: 0x000002167f84c000 points into unknown readable memory: 0xffffffffffffffff | ff ff ff ff ff ff ff ff
stack at sp + 3 slots: 0x0000000000000001 is an unknown value
stack at sp + 4 slots: 0x00000000588f8146 nvoglv64.dll
stack at sp + 5 slots: 0x0000000000000428 is an unknown value
stack at sp + 6 slots: 0x00000216163129d0 points into unknown readable memory: 0x0000000000000000 | 00 00 00 00 00 00 00 00
stack at sp + 7 slots: 0x000002167f859c48 points into unknown readable memory: 0x0000000000000000 | 00 00 00 00 00 00 00 00


---------------  P R O C E S S  ---------------

Threads class SMR info:
_java_thread_list=0x0000021617b30040, length=12, elements={
0x000002166f052160, 0x000002167ed6b0c0, 0x000002167ed6cde0, 0x000002167ed82ba0,
0x000002167ed83660, 0x000002167ed86020, 0x000002167ed869d0, 0x000002167ed8ac60,
0x000002167ed95b20, 0x000002167eda6cd0, 0x000002167ed53bf0, 0x000002167f9f9180
}

Java Threads: ( => current thread )
=>0x000002166f052160 JavaThread "main" [_thread_in_native, id=7536, stack(0x000000e4c3600000,0x000000e4c3700000)]
  0x000002167ed6b0c0 JavaThread "Reference Handler" daemon [_thread_blocked, id=11784, stack(0x000000e4c3d00000,0x000000e4c3e00000)]
  0x000002167ed6cde0 JavaThread "Finalizer" daemon [_thread_blocked, id=14536, stack(0x000000e4c3e00000,0x000000e4c3f00000)]
  0x000002167ed82ba0 JavaThread "Signal Dispatcher" daemon [_thread_blocked, id=7120, stack(0x000000e4c3f00000,0x000000e4c4000000)]
  0x000002167ed83660 JavaThread "Attach Listener" daemon [_thread_blocked, id=212, stack(0x000000e4c4000000,0x000000e4c4100000)]
  0x000002167ed86020 JavaThread "Service Thread" daemon [_thread_blocked, id=19400, stack(0x000000e4c4100000,0x000000e4c4200000)]
  0x000002167ed869d0 JavaThread "Monitor Deflation Thread" daemon [_thread_blocked, id=10784, stack(0x000000e4c4200000,0x000000e4c4300000)]
  0x000002167ed8ac60 JavaThread "C2 CompilerThread0" daemon [_thread_blocked, id=20256, stack(0x000000e4c4300000,0x000000e4c4400000)]
  0x000002167ed95b20 JavaThread "C1 CompilerThread0" daemon [_thread_blocked, id=2424, stack(0x000000e4c4400000,0x000000e4c4500000)]
  0x000002167eda6cd0 JavaThread "Sweeper thread" daemon [_thread_blocked, id=19008, stack(0x000000e4c4500000,0x000000e4c4600000)]
  0x000002167ed53bf0 JavaThread "Common-Cleaner" daemon [_thread_blocked, id=19492, stack(0x000000e4c4600000,0x000000e4c4700000)]
  0x000002167f9f9180 JavaThread "Notification Thread" daemon [_thread_blocked, id=15964, stack(0x000000e4c4700000,0x000000e4c4800000)]

Other Threads:
  0x000002167ed664c0 VMThread "VM Thread" [stack: 0x000000e4c3c00000,0x000000e4c3d00000] [id=7332]
  0x000002167f9f9650 WatcherThread [stack: 0x000000e4c4800000,0x000000e4c4900000] [id=6572]
  0x000002166f0a0ac0 GCTaskThread "GC Thread#0" [stack: 0x000000e4c3700000,0x000000e4c3800000] [id=4880]
  0x00000216156e6360 GCTaskThread "GC Thread#1" [stack: 0x000000e4c4900000,0x000000e4c4a00000] [id=10076]
  0x00000216162cfec0 GCTaskThread "GC Thread#2" [stack: 0x000000e4c5200000,0x000000e4c5300000] [id=11884]
  0x00000216162d0170 GCTaskThread "GC Thread#3" [stack: 0x000000e4c5300000,0x000000e4c5400000] [id=6120]
  0x00000216162d0420 GCTaskThread "GC Thread#4" [stack: 0x000000e4c5400000,0x000000e4c5500000] [id=14888]
  0x0000021616296ed0 GCTaskThread "GC Thread#5" [stack: 0x000000e4c5500000,0x000000e4c5600000] [id=11720]
  0x00000216177d5d40 GCTaskThread "GC Thread#6" [stack: 0x000000e4c5600000,0x000000e4c5700000] [id=8308]
  0x00000216177d47c0 GCTaskThread "GC Thread#7" [stack: 0x000000e4c5700000,0x000000e4c5800000] [id=2716]
  0x000002166f0b1910 ConcurrentGCThread "G1 Main Marker" [stack: 0x000000e4c3800000,0x000000e4c3900000] [id=14316]
  0x000002166f0b2ac0 ConcurrentGCThread "G1 Conc#0" [stack: 0x000000e4c3900000,0x000000e4c3a00000] [id=13808]
  0x000002167ec230d0 ConcurrentGCThread "G1 Refine#0" [stack: 0x000000e4c3a00000,0x000000e4c3b00000] [id=4036]
  0x000002167ec23af0 ConcurrentGCThread "G1 Service" [stack: 0x000000e4c3b00000,0x000000e4c3c00000] [id=17320]

Threads with active compile tasks:

VM state: not at safepoint (normal execution)

VM Mutex/Monitor currently owned by a thread: None

Heap address: 0x0000000700e00000, size: 4082 MB, Compressed Oops mode: Zero based, Oop shift amount: 3

CDS archive(s) mapped at: [0x0000000800000000-0x0000000800bc0000-0x0000000800bc0000), size 12320768, SharedBaseAddress: 0x0000000800000000, ArchiveRelocationMode: 0.
Compressed class space mapped at: 0x0000000800c00000-0x0000000840c00000, reserved size: 1073741824
Narrow klass base: 0x0000000800000000, Narrow klass shift: 0, Narrow klass range: 0x100000000

GC Precious Log:
 CPUs: 8 total, 8 available
 Memory: 16323M
 Large Page Support: Disabled
 NUMA Support: Disabled
 Compressed Oops: Enabled (Zero based)
 Heap Region Size: 2M
 Heap Min Capacity: 8M
 Heap Initial Capacity: 256M
 Heap Max Capacity: 4082M
 Pre-touch: Disabled
 Parallel Workers: 8
 Concurrent Workers: 2
 Concurrent Refinement Workers: 8
 Periodic GC: Disabled

Heap:
 garbage-first heap   total 262144K, used 57918K [0x0000000700e00000, 0x0000000800000000)
  region size 2048K, 30 young (61440K), 3 survivors (6144K)
 Metaspace       used 7914K, committed 8128K, reserved 1064960K
  class space    used 401K, committed 512K, reserved 1048576K

Heap Regions: E=young(eden), S=young(survivor), O=old, HS=humongous(starts), HC=humongous(continues), CS=collection set, F=free, OA=open archive, CA=closed archive, TAMS=top-at-mark-start (previous, next)
|   0|0x0000000700e00000, 0x0000000700e00000, 0x0000000701000000|  0%| F|  |TAMS 0x0000000700e00000, 0x0000000700e00000| Untracked 
|   1|0x0000000701000000, 0x0000000701000000, 0x0000000701200000|  0%| F|  |TAMS 0x0000000701000000, 0x0000000701000000| Untracked 
|   2|0x0000000701200000, 0x0000000701200000, 0x0000000701400000|  0%| F|  |TAMS 0x0000000701200000, 0x0000000701200000| Untracked 
|   3|0x0000000701400000, 0x0000000701400000, 0x0000000701600000|  0%| F|  |TAMS 0x0000000701400000, 0x0000000701400000| Untracked 
|   4|0x0000000701600000, 0x0000000701600000, 0x0000000701800000|  0%| F|  |TAMS 0x0000000701600000, 0x0000000701600000| Untracked 
|   5|0x0000000701800000, 0x0000000701800000, 0x0000000701a00000|  0%| F|  |TAMS 0x0000000701800000, 0x0000000701800000| Untracked 
|   6|0x0000000701a00000, 0x0000000701a00000, 0x0000000701c00000|  0%| F|  |TAMS 0x0000000701a00000, 0x0000000701a00000| Untracked 
|   7|0x0000000701c00000, 0x0000000701c00000, 0x0000000701e00000|  0%| F|  |TAMS 0x0000000701c00000, 0x0000000701c00000| Untracked 
|   8|0x0000000701e00000, 0x0000000701e00000, 0x0000000702000000|  0%| F|  |TAMS 0x0000000701e00000, 0x0000000701e00000| Untracked 
|   9|0x0000000702000000, 0x0000000702000000, 0x0000000702200000|  0%| F|  |TAMS 0x0000000702000000, 0x0000000702000000| Untracked 
|  10|0x0000000702200000, 0x0000000702200000, 0x0000000702400000|  0%| F|  |TAMS 0x0000000702200000, 0x0000000702200000| Untracked 
|  11|0x0000000702400000, 0x0000000702400000, 0x0000000702600000|  0%| F|  |TAMS 0x0000000702400000, 0x0000000702400000| Untracked 
|  12|0x0000000702600000, 0x0000000702600000, 0x0000000702800000|  0%| F|  |TAMS 0x0000000702600000, 0x0000000702600000| Untracked 
|  13|0x0000000702800000, 0x0000000702800000, 0x0000000702a00000|  0%| F|  |TAMS 0x0000000702800000, 0x0000000702800000| Untracked 
|  14|0x0000000702a00000, 0x0000000702a00000, 0x0000000702c00000|  0%| F|  |TAMS 0x0000000702a00000, 0x0000000702a00000| Untracked 
|  15|0x0000000702c00000, 0x0000000702c00000, 0x0000000702e00000|  0%| F|  |TAMS 0x0000000702c00000, 0x0000000702c00000| Untracked 
|  16|0x0000000702e00000, 0x0000000702e00000, 0x0000000703000000|  0%| F|  |TAMS 0x0000000702e00000, 0x0000000702e00000| Untracked 
|  17|0x0000000703000000, 0x0000000703000000, 0x0000000703200000|  0%| F|  |TAMS 0x0000000703000000, 0x0000000703000000| Untracked 
|  18|0x0000000703200000, 0x0000000703200000, 0x0000000703400000|  0%| F|  |TAMS 0x0000000703200000, 0x0000000703200000| Untracked 
|  19|0x0000000703400000, 0x0000000703400000, 0x0000000703600000|  0%| F|  |TAMS 0x0000000703400000, 0x0000000703400000| Untracked 
|  20|0x0000000703600000, 0x0000000703600000, 0x0000000703800000|  0%| F|  |TAMS 0x0000000703600000, 0x0000000703600000| Untracked 
|  21|0x0000000703800000, 0x0000000703800000, 0x0000000703a00000|  0%| F|  |TAMS 0x0000000703800000, 0x0000000703800000| Untracked 
|  22|0x0000000703a00000, 0x0000000703a00000, 0x0000000703c00000|  0%| F|  |TAMS 0x0000000703a00000, 0x0000000703a00000| Untracked 
|  23|0x0000000703c00000, 0x0000000703c00000, 0x0000000703e00000|  0%| F|  |TAMS 0x0000000703c00000, 0x0000000703c00000| Untracked 
|  24|0x0000000703e00000, 0x0000000703e00000, 0x0000000704000000|  0%| F|  |TAMS 0x0000000703e00000, 0x0000000703e00000| Untracked 
|  25|0x0000000704000000, 0x0000000704000000, 0x0000000704200000|  0%| F|  |TAMS 0x0000000704000000, 0x0000000704000000| Untracked 
|  26|0x0000000704200000, 0x0000000704200000, 0x0000000704400000|  0%| F|  |TAMS 0x0000000704200000, 0x0000000704200000| Untracked 
|  27|0x0000000704400000, 0x0000000704400000, 0x0000000704600000|  0%| F|  |TAMS 0x0000000704400000, 0x0000000704400000| Untracked 
|  28|0x0000000704600000, 0x0000000704600000, 0x0000000704800000|  0%| F|  |TAMS 0x0000000704600000, 0x0000000704600000| Untracked 
|  29|0x0000000704800000, 0x0000000704800000, 0x0000000704a00000|  0%| F|  |TAMS 0x0000000704800000, 0x0000000704800000| Untracked 
|  30|0x0000000704a00000, 0x0000000704a00000, 0x0000000704c00000|  0%| F|  |TAMS 0x0000000704a00000, 0x0000000704a00000| Untracked 
|  31|0x0000000704c00000, 0x0000000704c00000, 0x0000000704e00000|  0%| F|  |TAMS 0x0000000704c00000, 0x0000000704c00000| Untracked 
|  32|0x0000000704e00000, 0x0000000704e00000, 0x0000000705000000|  0%| F|  |TAMS 0x0000000704e00000, 0x0000000704e00000| Untracked 
|  33|0x0000000705000000, 0x0000000705000000, 0x0000000705200000|  0%| F|  |TAMS 0x0000000705000000, 0x0000000705000000| Untracked 
|  34|0x0000000705200000, 0x0000000705200000, 0x0000000705400000|  0%| F|  |TAMS 0x0000000705200000, 0x0000000705200000| Untracked 
|  35|0x0000000705400000, 0x0000000705400000, 0x0000000705600000|  0%| F|  |TAMS 0x0000000705400000, 0x0000000705400000| Untracked 
|  36|0x0000000705600000, 0x0000000705600000, 0x0000000705800000|  0%| F|  |TAMS 0x0000000705600000, 0x0000000705600000| Untracked 
|  37|0x0000000705800000, 0x0000000705800000, 0x0000000705a00000|  0%| F|  |TAMS 0x0000000705800000, 0x0000000705800000| Untracked 
|  38|0x0000000705a00000, 0x0000000705a00000, 0x0000000705c00000|  0%| F|  |TAMS 0x0000000705a00000, 0x0000000705a00000| Untracked 
|  39|0x0000000705c00000, 0x0000000705c00000, 0x0000000705e00000|  0%| F|  |TAMS 0x0000000705c00000, 0x0000000705c00000| Untracked 
|  40|0x0000000705e00000, 0x0000000705e00000, 0x0000000706000000|  0%| F|  |TAMS 0x0000000705e00000, 0x0000000705e00000| Untracked 
|  41|0x0000000706000000, 0x0000000706000000, 0x0000000706200000|  0%| F|  |TAMS 0x0000000706000000, 0x0000000706000000| Untracked 
|  42|0x0000000706200000, 0x0000000706200000, 0x0000000706400000|  0%| F|  |TAMS 0x0000000706200000, 0x0000000706200000| Untracked 
|  43|0x0000000706400000, 0x0000000706400000, 0x0000000706600000|  0%| F|  |TAMS 0x0000000706400000, 0x0000000706400000| Untracked 
|  44|0x0000000706600000, 0x0000000706600000, 0x0000000706800000|  0%| F|  |TAMS 0x0000000706600000, 0x0000000706600000| Untracked 
|  45|0x0000000706800000, 0x0000000706800000, 0x0000000706a00000|  0%| F|  |TAMS 0x0000000706800000, 0x0000000706800000| Untracked 
|  46|0x0000000706a00000, 0x0000000706a00000, 0x0000000706c00000|  0%| F|  |TAMS 0x0000000706a00000, 0x0000000706a00000| Untracked 
|  47|0x0000000706c00000, 0x0000000706c00000, 0x0000000706e00000|  0%| F|  |TAMS 0x0000000706c00000, 0x0000000706c00000| Untracked 
|  48|0x0000000706e00000, 0x0000000706e00000, 0x0000000707000000|  0%| F|  |TAMS 0x0000000706e00000, 0x0000000706e00000| Untracked 
|  49|0x0000000707000000, 0x0000000707000000, 0x0000000707200000|  0%| F|  |TAMS 0x0000000707000000, 0x0000000707000000| Untracked 
|  50|0x0000000707200000, 0x0000000707200000, 0x0000000707400000|  0%| F|  |TAMS 0x0000000707200000, 0x0000000707200000| Untracked 
|  51|0x0000000707400000, 0x0000000707400000, 0x0000000707600000|  0%| F|  |TAMS 0x0000000707400000, 0x0000000707400000| Untracked 
|  52|0x0000000707600000, 0x0000000707600000, 0x0000000707800000|  0%| F|  |TAMS 0x0000000707600000, 0x0000000707600000| Untracked 
|  53|0x0000000707800000, 0x0000000707800000, 0x0000000707a00000|  0%| F|  |TAMS 0x0000000707800000, 0x0000000707800000| Untracked 
|  54|0x0000000707a00000, 0x0000000707a00000, 0x0000000707c00000|  0%| F|  |TAMS 0x0000000707a00000, 0x0000000707a00000| Untracked 
|  55|0x0000000707c00000, 0x0000000707c00000, 0x0000000707e00000|  0%| F|  |TAMS 0x0000000707c00000, 0x0000000707c00000| Untracked 
|  56|0x0000000707e00000, 0x0000000707e00000, 0x0000000708000000|  0%| F|  |TAMS 0x0000000707e00000, 0x0000000707e00000| Untracked 
|  57|0x0000000708000000, 0x0000000708000000, 0x0000000708200000|  0%| F|  |TAMS 0x0000000708000000, 0x0000000708000000| Untracked 
|  58|0x0000000708200000, 0x0000000708200000, 0x0000000708400000|  0%| F|  |TAMS 0x0000000708200000, 0x0000000708200000| Untracked 
|  59|0x0000000708400000, 0x0000000708400000, 0x0000000708600000|  0%| F|  |TAMS 0x0000000708400000, 0x0000000708400000| Untracked 
|  60|0x0000000708600000, 0x0000000708600000, 0x0000000708800000|  0%| F|  |TAMS 0x0000000708600000, 0x0000000708600000| Untracked 
|  61|0x0000000708800000, 0x0000000708800000, 0x0000000708a00000|  0%| F|  |TAMS 0x0000000708800000, 0x0000000708800000| Untracked 
|  62|0x0000000708a00000, 0x0000000708a00000, 0x0000000708c00000|  0%| F|  |TAMS 0x0000000708a00000, 0x0000000708a00000| Untracked 
|  63|0x0000000708c00000, 0x0000000708c00000, 0x0000000708e00000|  0%| F|  |TAMS 0x0000000708c00000, 0x0000000708c00000| Untracked 
|  64|0x0000000708e00000, 0x0000000708e00000, 0x0000000709000000|  0%| F|  |TAMS 0x0000000708e00000, 0x0000000708e00000| Untracked 
|  65|0x0000000709000000, 0x0000000709000000, 0x0000000709200000|  0%| F|  |TAMS 0x0000000709000000, 0x0000000709000000| Untracked 
|  66|0x0000000709200000, 0x0000000709200000, 0x0000000709400000|  0%| F|  |TAMS 0x0000000709200000, 0x0000000709200000| Untracked 
|  67|0x0000000709400000, 0x0000000709400000, 0x0000000709600000|  0%| F|  |TAMS 0x0000000709400000, 0x0000000709400000| Untracked 
|  68|0x0000000709600000, 0x0000000709600000, 0x0000000709800000|  0%| F|  |TAMS 0x0000000709600000, 0x0000000709600000| Untracked 
|  69|0x0000000709800000, 0x0000000709800000, 0x0000000709a00000|  0%| F|  |TAMS 0x0000000709800000, 0x0000000709800000| Untracked 
|  70|0x0000000709a00000, 0x0000000709a00000, 0x0000000709c00000|  0%| F|  |TAMS 0x0000000709a00000, 0x0000000709a00000| Untracked 
|  71|0x0000000709c00000, 0x0000000709c00000, 0x0000000709e00000|  0%| F|  |TAMS 0x0000000709c00000, 0x0000000709c00000| Untracked 
|  72|0x0000000709e00000, 0x0000000709e00000, 0x000000070a000000|  0%| F|  |TAMS 0x0000000709e00000, 0x0000000709e00000| Untracked 
|  73|0x000000070a000000, 0x000000070a000000, 0x000000070a200000|  0%| F|  |TAMS 0x000000070a000000, 0x000000070a000000| Untracked 
|  74|0x000000070a200000, 0x000000070a200000, 0x000000070a400000|  0%| F|  |TAMS 0x000000070a200000, 0x000000070a200000| Untracked 
|  75|0x000000070a400000, 0x000000070a400000, 0x000000070a600000|  0%| F|  |TAMS 0x000000070a400000, 0x000000070a400000| Untracked 
|  76|0x000000070a600000, 0x000000070a600000, 0x000000070a800000|  0%| F|  |TAMS 0x000000070a600000, 0x000000070a600000| Untracked 
|  77|0x000000070a800000, 0x000000070a800000, 0x000000070aa00000|  0%| F|  |TAMS 0x000000070a800000, 0x000000070a800000| Untracked 
|  78|0x000000070aa00000, 0x000000070aa00000, 0x000000070ac00000|  0%| F|  |TAMS 0x000000070aa00000, 0x000000070aa00000| Untracked 
|  79|0x000000070ac00000, 0x000000070ac00000, 0x000000070ae00000|  0%| F|  |TAMS 0x000000070ac00000, 0x000000070ac00000| Untracked 
|  80|0x000000070ae00000, 0x000000070ae00000, 0x000000070b000000|  0%| F|  |TAMS 0x000000070ae00000, 0x000000070ae00000| Untracked 
|  81|0x000000070b000000, 0x000000070b000000, 0x000000070b200000|  0%| F|  |TAMS 0x000000070b000000, 0x000000070b000000| Untracked 
|  82|0x000000070b200000, 0x000000070b200000, 0x000000070b400000|  0%| F|  |TAMS 0x000000070b200000, 0x000000070b200000| Untracked 
|  83|0x000000070b400000, 0x000000070b400000, 0x000000070b600000|  0%| F|  |TAMS 0x000000070b400000, 0x000000070b400000| Untracked 
|  84|0x000000070b600000, 0x000000070b600000, 0x000000070b800000|  0%| F|  |TAMS 0x000000070b600000, 0x000000070b600000| Untracked 
|  85|0x000000070b800000, 0x000000070b800000, 0x000000070ba00000|  0%| F|  |TAMS 0x000000070b800000, 0x000000070b800000| Untracked 
|  86|0x000000070ba00000, 0x000000070ba00000, 0x000000070bc00000|  0%| F|  |TAMS 0x000000070ba00000, 0x000000070ba00000| Untracked 
|  87|0x000000070bc00000, 0x000000070bc00000, 0x000000070be00000|  0%| F|  |TAMS 0x000000070bc00000, 0x000000070bc00000| Untracked 
|  88|0x000000070be00000, 0x000000070be00000, 0x000000070c000000|  0%| F|  |TAMS 0x000000070be00000, 0x000000070be00000| Untracked 
|  89|0x000000070c000000, 0x000000070c000000, 0x000000070c200000|  0%| F|  |TAMS 0x000000070c000000, 0x000000070c000000| Untracked 
|  90|0x000000070c200000, 0x000000070c200000, 0x000000070c400000|  0%| F|  |TAMS 0x000000070c200000, 0x000000070c200000| Untracked 
|  91|0x000000070c400000, 0x000000070c400000, 0x000000070c600000|  0%| F|  |TAMS 0x000000070c400000, 0x000000070c400000| Untracked 
|  92|0x000000070c600000, 0x000000070c600000, 0x000000070c800000|  0%| F|  |TAMS 0x000000070c600000, 0x000000070c600000| Untracked 
|  93|0x000000070c800000, 0x000000070c800000, 0x000000070ca00000|  0%| F|  |TAMS 0x000000070c800000, 0x000000070c800000| Untracked 
|  94|0x000000070ca00000, 0x000000070ca00000, 0x000000070cc00000|  0%| F|  |TAMS 0x000000070ca00000, 0x000000070ca00000| Untracked 
|  95|0x000000070cc00000, 0x000000070cc00000, 0x000000070ce00000|  0%| F|  |TAMS 0x000000070cc00000, 0x000000070cc00000| Untracked 
|  96|0x000000070ce00000, 0x000000070ce00000, 0x000000070d000000|  0%| F|  |TAMS 0x000000070ce00000, 0x000000070ce00000| Untracked 
|  97|0x000000070d000000, 0x000000070d000000, 0x000000070d200000|  0%| F|  |TAMS 0x000000070d000000, 0x000000070d000000| Untracked 
|  98|0x000000070d200000, 0x000000070d300800, 0x000000070d400000| 50%| E|  |TAMS 0x000000070d200000, 0x000000070d200000| Complete 
|  99|0x000000070d400000, 0x000000070d600000, 0x000000070d600000|100%| E|CS|TAMS 0x000000070d400000, 0x000000070d400000| Complete 
| 100|0x000000070d600000, 0x000000070d800000, 0x000000070d800000|100%| E|CS|TAMS 0x000000070d600000, 0x000000070d600000| Complete 
| 101|0x000000070d800000, 0x000000070da00000, 0x000000070da00000|100%| E|CS|TAMS 0x000000070d800000, 0x000000070d800000| Complete 
| 102|0x000000070da00000, 0x000000070dc00000, 0x000000070dc00000|100%| E|CS|TAMS 0x000000070da00000, 0x000000070da00000| Complete 
| 103|0x000000070dc00000, 0x000000070de00000, 0x000000070de00000|100%| E|CS|TAMS 0x000000070dc00000, 0x000000070dc00000| Complete 
| 104|0x000000070de00000, 0x000000070e000000, 0x000000070e000000|100%| E|CS|TAMS 0x000000070de00000, 0x000000070de00000| Complete 
| 105|0x000000070e000000, 0x000000070e08f980, 0x000000070e200000| 28%| S|CS|TAMS 0x000000070e000000, 0x000000070e000000| Complete 
| 106|0x000000070e200000, 0x000000070e400000, 0x000000070e400000|100%| S|CS|TAMS 0x000000070e200000, 0x000000070e200000| Complete 
| 107|0x000000070e400000, 0x000000070e600000, 0x000000070e600000|100%| S|CS|TAMS 0x000000070e400000, 0x000000070e400000| Complete 
| 108|0x000000070e600000, 0x000000070e800000, 0x000000070e800000|100%| E|CS|TAMS 0x000000070e600000, 0x000000070e600000| Complete 
| 109|0x000000070e800000, 0x000000070ea00000, 0x000000070ea00000|100%| E|CS|TAMS 0x000000070e800000, 0x000000070e800000| Complete 
| 110|0x000000070ea00000, 0x000000070ec00000, 0x000000070ec00000|100%| E|CS|TAMS 0x000000070ea00000, 0x000000070ea00000| Complete 
| 111|0x000000070ec00000, 0x000000070ee00000, 0x000000070ee00000|100%| E|CS|TAMS 0x000000070ec00000, 0x000000070ec00000| Complete 
| 112|0x000000070ee00000, 0x000000070f000000, 0x000000070f000000|100%| E|CS|TAMS 0x000000070ee00000, 0x000000070ee00000| Complete 
| 113|0x000000070f000000, 0x000000070f200000, 0x000000070f200000|100%| E|CS|TAMS 0x000000070f000000, 0x000000070f000000| Complete 
| 114|0x000000070f200000, 0x000000070f400000, 0x000000070f400000|100%| E|CS|TAMS 0x000000070f200000, 0x000000070f200000| Complete 
| 115|0x000000070f400000, 0x000000070f600000, 0x000000070f600000|100%| E|CS|TAMS 0x000000070f400000, 0x000000070f400000| Complete 
| 116|0x000000070f600000, 0x000000070f800000, 0x000000070f800000|100%| E|CS|TAMS 0x000000070f600000, 0x000000070f600000| Complete 
| 117|0x000000070f800000, 0x000000070fa00000, 0x000000070fa00000|100%| E|CS|TAMS 0x000000070f800000, 0x000000070f800000| Complete 
| 118|0x000000070fa00000, 0x000000070fc00000, 0x000000070fc00000|100%| E|CS|TAMS 0x000000070fa00000, 0x000000070fa00000| Complete 
| 119|0x000000070fc00000, 0x000000070fe00000, 0x000000070fe00000|100%| E|CS|TAMS 0x000000070fc00000, 0x000000070fc00000| Complete 
| 120|0x000000070fe00000, 0x0000000710000000, 0x0000000710000000|100%| E|CS|TAMS 0x000000070fe00000, 0x000000070fe00000| Complete 
| 121|0x0000000710000000, 0x0000000710200000, 0x0000000710200000|100%| E|CS|TAMS 0x0000000710000000, 0x0000000710000000| Complete 
| 122|0x0000000710200000, 0x0000000710400000, 0x0000000710400000|100%| E|CS|TAMS 0x0000000710200000, 0x0000000710200000| Complete 
| 123|0x0000000710400000, 0x0000000710600000, 0x0000000710600000|100%| E|CS|TAMS 0x0000000710400000, 0x0000000710400000| Complete 
| 124|0x0000000710600000, 0x0000000710800000, 0x0000000710800000|100%| E|CS|TAMS 0x0000000710600000, 0x0000000710600000| Complete 
| 125|0x0000000710800000, 0x0000000710a00000, 0x0000000710a00000|100%| E|CS|TAMS 0x0000000710800000, 0x0000000710800000| Complete 
| 126|0x0000000710a00000, 0x0000000710c00000, 0x0000000710c00000|100%| E|CS|TAMS 0x0000000710a00000, 0x0000000710a00000| Complete 
| 127|0x0000000710c00000, 0x0000000710e00000, 0x0000000710e00000|100%| E|CS|TAMS 0x0000000710c00000, 0x0000000710c00000| Complete 

Card table byte_map: [0x00000216792e0000,0x0000021679ae0000] _byte_map_base: 0x0000021675ad9000

Marking Bits (Prev, Next): (CMBitMap*) 0x000002166f0a10d0, (CMBitMap*) 0x000002166f0a1110
 Prev Bits: [0x000002167a2e0000, 0x000002167e2a8000)
 Next Bits: [0x000002160f000000, 0x0000021612fc8000)

Polling page: 0x000002166f130000

Metaspace:

Usage:
  Non-class:      7.34 MB used.
      Class:    401.80 KB used.
       Both:      7.73 MB used.

Virtual space:
  Non-class space:       16.00 MB reserved,       7.44 MB ( 46%) committed,  2 nodes.
      Class space:        1.00 GB reserved,     512.00 KB ( <1%) committed,  1 nodes.
             Both:        1.02 GB reserved,       7.94 MB ( <1%) committed. 

Chunk freelists:
   Non-Class:  2.57 MB
       Class:  3.46 MB
        Both:  6.03 MB

MaxMetaspaceSize: unlimited
CompressedClassSpaceSize: 1.00 GB
Initial GC threshold: 21.00 MB
Current GC threshold: 21.00 MB
CDS: on
MetaspaceReclaimPolicy: balanced
 - commit_granule_bytes: 65536.
 - commit_granule_words: 8192.
 - virtual_space_node_default_size: 1048576.
 - enlarge_chunks_in_place: 1.
 - new_chunks_are_fully_committed: 0.
 - uncommit_free_chunks: 1.
 - use_allocation_guard: 0.
 - handle_deallocations: 1.


Internal statistics:

num_allocs_failed_limit: 0.
num_arena_births: 120.
num_arena_deaths: 0.
num_vsnodes_births: 3.
num_vsnodes_deaths: 0.
num_space_committed: 125.
num_space_uncommitted: 0.
num_chunks_returned_to_freelist: 0.
num_chunks_taken_from_freelist: 356.
num_chunk_merges: 0.
num_chunk_splits: 255.
num_chunks_enlarged: 196.
num_purges: 0.
num_inconsistent_stats: 0.

CodeHeap 'non-profiled nmethods': size=120000Kb used=977Kb max_used=977Kb free=119022Kb
 bounds [0x0000021607ad0000, 0x0000021607d40000, 0x000002160f000000]
CodeHeap 'profiled nmethods': size=120000Kb used=3597Kb max_used=3597Kb free=116402Kb
 bounds [0x00000216005a0000, 0x0000021600930000, 0x0000021607ad0000]
CodeHeap 'non-nmethods': size=5760Kb used=1650Kb max_used=1704Kb free=4109Kb
 bounds [0x0000021600000000, 0x0000021600270000, 0x00000216005a0000]
 total_blobs=2970 nmethods=1871 adapters=1012
 compilation: enabled
              stopped_count=0, restarted_count=0
 full_count=0

Compilation events (20 events):
Event: 46.969 Thread 0x000002167ed8ac60 1862       4       Engine.LevelEditorScene::update (174 bytes)
Event: 47.074 Thread 0x000002167ed8ac60 nmethod 1862 0x0000021607bbce90 code [0x0000021607bbd3a0, 0x0000021607bc1480]
Event: 48.119 Thread 0x000002167ed95b20 1863       3       java.io.File::getAbsolutePath (8 bytes)
Event: 48.120 Thread 0x000002167ed95b20 nmethod 1863 0x000002160091e610 code [0x000002160091e7c0, 0x000002160091e928]
Event: 56.939 Thread 0x000002167ed95b20 1864       3       org.lwjgl.glfw.GLFWKeyCallbackI::callback (68 bytes)
Event: 56.940 Thread 0x000002167ed95b20 nmethod 1864 0x000002160091ea10 code [0x000002160091ecc0, 0x000002160091fc68]
Event: 56.940 Thread 0x000002167ed95b20 1865       3       Engine.Window$$Lambda$57/0x0000000800c25c00::invoke (12 bytes)
Event: 56.940 Thread 0x000002167ed95b20 nmethod 1865 0x0000021600920010 code [0x0000021600920220, 0x0000021600920b38]
Event: 60.590 Thread 0x000002167ed8ac60 1866       4       java.util.ArrayList::remove (76 bytes)
Event: 60.593 Thread 0x000002167ed8ac60 nmethod 1866 0x0000021607bc3e90 code [0x0000021607bc4020, 0x0000021607bc4338]
Event: 63.957 Thread 0x000002167ed95b20 1867       3       java.io.WinNTFileSystem::slashify (43 bytes)
Event: 63.958 Thread 0x000002167ed95b20 nmethod 1867 0x0000021600920e10 code [0x00000216009210a0, 0x0000021600921bc8]
Event: 67.442 Thread 0x000002167ed95b20 1868       3       java.lang.Integer::numberOfTrailingZeros (80 bytes)
Event: 67.442 Thread 0x000002167ed95b20 nmethod 1868 0x0000021600921f90 code [0x0000021600922140, 0x00000216009223b8]
Event: 69.859 Thread 0x000002167ed95b20 1869       3       java.lang.Long::numberOfTrailingZeros (26 bytes)
Event: 69.859 Thread 0x000002167ed95b20 nmethod 1869 0x0000021600922490 code [0x0000021600922640, 0x00000216009227f8]
Event: 69.859 Thread 0x000002167ed95b20 1870       3       jdk.internal.math.FloatingDecimal$BinaryToASCIIBuffer::estimateDecExp (182 bytes)
Event: 69.860 Thread 0x000002167ed95b20 nmethod 1870 0x0000021600922890 code [0x0000021600922aa0, 0x0000021600922ff8]
Event: 69.860 Thread 0x000002167ed95b20 1871       3       jdk.internal.math.FloatingDecimal$BinaryToASCIIBuffer::toJavaFormatString (23 bytes)
Event: 69.860 Thread 0x000002167ed95b20 nmethod 1871 0x0000021600923090 code [0x0000021600923240, 0x0000021600923438]

GC Heap History (4 events):
Event: 1.092 GC heap before
{Heap before GC invocations=0 (full 0):
 garbage-first heap   total 262144K, used 20480K [0x0000000700e00000, 0x0000000800000000)
  region size 2048K, 11 young (22528K), 0 survivors (0K)
 Metaspace       used 3844K, committed 4032K, reserved 1056768K
  class space    used 275K, committed 384K, reserved 1048576K
}
Event: 1.095 GC heap after
{Heap after GC invocations=1 (full 0):
 garbage-first heap   total 262144K, used 2431K [0x0000000700e00000, 0x0000000800000000)
  region size 2048K, 2 young (4096K), 2 survivors (4096K)
 Metaspace       used 3844K, committed 4032K, reserved 1056768K
  class space    used 275K, committed 384K, reserved 1048576K
}
Event: 16.560 GC heap before
{Heap before GC invocations=1 (full 0):
 garbage-first heap   total 262144K, used 39295K [0x0000000700e00000, 0x0000000800000000)
  region size 2048K, 20 young (40960K), 2 survivors (4096K)
 Metaspace       used 7897K, committed 8064K, reserved 1064960K
  class space    used 401K, committed 512K, reserved 1048576K
}
Event: 16.564 GC heap after
{Heap after GC invocations=2 (full 0):
 garbage-first heap   total 262144K, used 4670K [0x0000000700e00000, 0x0000000800000000)
  region size 2048K, 3 young (6144K), 3 survivors (6144K)
 Metaspace       used 7897K, committed 8064K, reserved 1064960K
  class space    used 401K, committed 512K, reserved 1048576K
}

Deoptimization events (20 events):
Event: 45.468 Thread 0x000002166f052160 Uncommon trap: trap_request=0xffffff45 fr.pc=0x0000021607b990d4 relative=0x00000000000036b4
Event: 45.468 Thread 0x000002166f052160 Uncommon trap: reason=unstable_if action=reinterpret pc=0x0000021607b990d4 method=Engine.LevelEditorScene.update(F)V @ 22 c2
Event: 45.468 Thread 0x000002166f052160 DEOPT PACKING pc=0x0000021607b990d4 sp=0x000000e4c36ff560
Event: 45.468 Thread 0x000002166f052160 DEOPT UNPACKING pc=0x00000216000523a3 sp=0x000000e4c36ff558 mode 2
Event: 45.685 Thread 0x000002166f052160 DEOPT PACKING pc=0x000002160091d538 sp=0x000000e4c36ff4c0
Event: 45.685 Thread 0x000002166f052160 DEOPT UNPACKING pc=0x0000021600052b43 sp=0x000000e4c36fea58 mode 0
Event: 45.952 Thread 0x000002166f052160 DEOPT PACKING pc=0x000002160091d538 sp=0x000000e4c36ff4c0
Event: 45.952 Thread 0x000002166f052160 DEOPT UNPACKING pc=0x0000021600052b43 sp=0x000000e4c36fea58 mode 0
Event: 46.202 Thread 0x000002166f052160 DEOPT PACKING pc=0x000002160091d538 sp=0x000000e4c36ff4c0
Event: 46.202 Thread 0x000002166f052160 DEOPT UNPACKING pc=0x0000021600052b43 sp=0x000000e4c36fea58 mode 0
Event: 46.469 Thread 0x000002166f052160 DEOPT PACKING pc=0x000002160091d538 sp=0x000000e4c36ff4c0
Event: 46.469 Thread 0x000002166f052160 DEOPT UNPACKING pc=0x0000021600052b43 sp=0x000000e4c36fea58 mode 0
Event: 46.719 Thread 0x000002166f052160 DEOPT PACKING pc=0x000002160091d538 sp=0x000000e4c36ff4c0
Event: 46.719 Thread 0x000002166f052160 DEOPT UNPACKING pc=0x0000021600052b43 sp=0x000000e4c36fea58 mode 0
Event: 46.969 Thread 0x000002166f052160 DEOPT PACKING pc=0x000002160091d538 sp=0x000000e4c36ff4c0
Event: 46.969 Thread 0x000002166f052160 DEOPT UNPACKING pc=0x0000021600052b43 sp=0x000000e4c36fea58 mode 0
Event: 70.226 Thread 0x000002166f052160 Uncommon trap: trap_request=0xffffff45 fr.pc=0x0000021607bbb9a4 relative=0x0000000000000ac4
Event: 70.226 Thread 0x000002166f052160 Uncommon trap: reason=unstable_if action=reinterpret pc=0x0000021607bbb9a4 method=Engine.Runner.Enemy.update(F)V @ 168 c2
Event: 70.226 Thread 0x000002166f052160 DEOPT PACKING pc=0x0000021607bbb9a4 sp=0x000000e4c36ff4f0
Event: 70.226 Thread 0x000002166f052160 DEOPT UNPACKING pc=0x00000216000523a3 sp=0x000000e4c36ff4b8 mode 2

Classes unloaded (0 events):
No events

Classes redefined (0 events):
No events

Internal exceptions (20 events):
Event: 0.286 Thread 0x000002166f052160 Exception <a 'sun/nio/fs/WindowsException'{0x000000070fd8ef68}> (0x000000070fd8ef68) 
thrown [t:\workspace\open\src\hotspot\share\prims\jni.cpp, line 516]
Event: 0.286 Thread 0x000002166f052160 Exception <a 'sun/nio/fs/WindowsException'{0x000000070fd91960}> (0x000000070fd91960) 
thrown [t:\workspace\open\src\hotspot\share\prims\jni.cpp, line 516]
Event: 0.293 Thread 0x000002166f052160 Exception <a 'java/lang/NoSuchMethodError'{0x000000070fde6a18}: 'int java.lang.invoke.DirectMethodHandle$Holder.invokeStaticInit(java.lang.Object, java.lang.Object, int, long)'> (0x000000070fde6a18) 
thrown [t:\workspace\open\src\hotspot\share\interpreter\linkResolver.cpp, line 766]
Event: 0.294 Thread 0x000002166f052160 Exception <a 'java/lang/NoSuchMethodError'{0x000000070fdec2e0}: 'java.lang.Object java.lang.invoke.DirectMethodHandle$Holder.newInvokeSpecial(java.lang.Object, java.lang.Object, int)'> (0x000000070fdec2e0) 
thrown [t:\workspace\open\src\hotspot\share\interpreter\linkResolver.cpp, line 766]
Event: 0.295 Thread 0x000002166f052160 Exception <a 'java/lang/NoSuchMethodError'{0x000000070fdfe148}: 'int java.lang.invoke.DirectMethodHandle$Holder.invokeStaticInit(java.lang.Object, java.lang.Object, long, long)'> (0x000000070fdfe148) 
thrown [t:\workspace\open\src\hotspot\share\interpreter\linkResolver.cpp, line 766]
Event: 0.296 Thread 0x000002166f052160 Exception <a 'java/lang/NoSuchMethodError'{0x000000070fa046e8}: 'java.lang.Object java.lang.invoke.DirectMethodHandle$Holder.newInvokeSpecial(java.lang.Object, java.lang.Object, long)'> (0x000000070fa046e8) 
thrown [t:\workspace\open\src\hotspot\share\interpreter\linkResolver.cpp, line 766]
Event: 0.296 Thread 0x000002166f052160 Exception <a 'java/lang/NoSuchMethodError'{0x000000070fa07fb0}: 'java.lang.Object java.lang.invoke.Invokers$Holder.linkToTargetMethod(java.lang.Object, long, java.lang.Object)'> (0x000000070fa07fb0) 
thrown [t:\workspace\open\src\hotspot\share\interpreter\linkResolver.cpp, line 766]
Event: 0.297 Thread 0x000002166f052160 Exception <a 'java/lang/NoSuchMethodError'{0x000000070fa0f480}: 'int java.lang.invoke.DirectMethodHandle$Holder.invokeStaticInit(java.lang.Object, java.lang.Object, java.lang.Object, long)'> (0x000000070fa0f480) 
thrown [t:\workspace\open\src\hotspot\share\interpreter\linkResolver.cpp, line 766]
Event: 0.329 Thread 0x000002166f052160 Exception <a 'sun/nio/fs/WindowsException'{0x000000070fb97388}> (0x000000070fb97388) 
thrown [t:\workspace\open\src\hotspot\share\prims\jni.cpp, line 516]
Event: 0.329 Thread 0x000002166f052160 Exception <a 'sun/nio/fs/WindowsException'{0x000000070fb97728}> (0x000000070fb97728) 
thrown [t:\workspace\open\src\hotspot\share\prims\jni.cpp, line 516]
Event: 0.337 Thread 0x000002166f052160 Exception <a 'java/lang/NoSuchMethodError'{0x000000070fbcba98}: 'int java.lang.invoke.DirectMethodHandle$Holder.invokeStaticInit(java.lang.Object, java.lang.Object, java.lang.Object)'> (0x000000070fbcba98) 
thrown [t:\workspace\open\src\hotspot\share\interpreter\linkResolver.cpp, line 766]
Event: 1.042 Thread 0x000002166f052160 Exception <a 'java/lang/NoSuchMethodError'{0x000000070f90c6f8}: 'void java.lang.invoke.DirectMethodHandle$Holder.invokeStaticInit(java.lang.Object, long, double, double)'> (0x000000070f90c6f8) 
thrown [t:\workspace\open\src\hotspot\share\interpreter\linkResolver.cpp, line 766]
Event: 1.044 Thread 0x000002166f052160 Exception <a 'java/lang/NoSuchMethodError'{0x000000070f920ec0}: 'void java.lang.invoke.DirectMethodHandle$Holder.invokeStaticInit(java.lang.Object, long, int, int, int)'> (0x000000070f920ec0) 
thrown [t:\workspace\open\src\hotspot\share\interpreter\linkResolver.cpp, line 766]
Event: 1.048 Thread 0x000002166f052160 Exception <a 'java/lang/NoSuchMethodError'{0x000000070f949278}: 'void java.lang.invoke.DirectMethodHandle$Holder.invokeStaticInit(java.lang.Object, long, int, int, int, int)'> (0x000000070f949278) 
thrown [t:\workspace\open\src\hotspot\share\interpreter\linkResolver.cpp, line 766]
Event: 1.078 Thread 0x000002166f052160 Exception <a 'sun/nio/fs/WindowsException'{0x000000070f991560}> (0x000000070f991560) 
thrown [t:\workspace\open\src\hotspot\share\prims\jni.cpp, line 516]
Event: 1.078 Thread 0x000002166f052160 Exception <a 'sun/nio/fs/WindowsException'{0x000000070f991940}> (0x000000070f991940) 
thrown [t:\workspace\open\src\hotspot\share\prims\jni.cpp, line 516]
Event: 1.081 Thread 0x000002166f052160 Exception <a 'sun/nio/fs/WindowsException'{0x000000070f999df8}> (0x000000070f999df8) 
thrown [t:\workspace\open\src\hotspot\share\prims\jni.cpp, line 516]
Event: 1.081 Thread 0x000002166f052160 Exception <a 'sun/nio/fs/WindowsException'{0x000000070f99a110}> (0x000000070f99a110) 
thrown [t:\workspace\open\src\hotspot\share\prims\jni.cpp, line 516]
Event: 1.243 Thread 0x000002166f052160 Exception <a 'sun/nio/fs/WindowsException'{0x000000070fa132f8}> (0x000000070fa132f8) 
thrown [t:\workspace\open\src\hotspot\share\prims\jni.cpp, line 516]
Event: 1.243 Thread 0x000002166f052160 Exception <a 'sun/nio/fs/WindowsException'{0x000000070fa136b0}> (0x000000070fa136b0) 
thrown [t:\workspace\open\src\hotspot\share\prims\jni.cpp, line 516]

VM Operations (20 events):
Event: 26.676 Executing VM operation: Cleanup
Event: 26.676 Executing VM operation: Cleanup done
Event: 27.685 Executing VM operation: Cleanup
Event: 27.685 Executing VM operation: Cleanup done
Event: 28.692 Executing VM operation: Cleanup
Event: 28.692 Executing VM operation: Cleanup done
Event: 29.702 Executing VM operation: Cleanup
Event: 29.702 Executing VM operation: Cleanup done
Event: 40.811 Executing VM operation: Cleanup
Event: 40.811 Executing VM operation: Cleanup done
Event: 41.822 Executing VM operation: Cleanup
Event: 41.822 Executing VM operation: Cleanup done
Event: 45.854 Executing VM operation: Cleanup
Event: 45.854 Executing VM operation: Cleanup done
Event: 46.855 Executing VM operation: Cleanup
Event: 46.855 Executing VM operation: Cleanup done
Event: 47.867 Executing VM operation: Cleanup
Event: 47.867 Executing VM operation: Cleanup done
Event: 61.003 Executing VM operation: Cleanup
Event: 61.003 Executing VM operation: Cleanup done

Events (20 events):
Event: 1.187 loading class jdk/internal/reflect/UnsafeQualifiedBooleanFieldAccessorImpl
Event: 1.187 loading class jdk/internal/reflect/UnsafeQualifiedFieldAccessorImpl
Event: 1.187 loading class jdk/internal/reflect/UnsafeQualifiedFieldAccessorImpl done
Event: 1.187 loading class jdk/internal/reflect/UnsafeQualifiedBooleanFieldAccessorImpl done
Event: 1.202 loading class java/io/Externalizable
Event: 1.202 loading class java/io/Externalizable done
Event: 1.244 Loaded shared library C:\Users\Edis Hasaj\AppData\Local\Temp\lwjglEdis Hasaj\3.3.0-build-21\lwjgl_stb.dll
Event: 1.341 loading class jdk/internal/module/ModulePatcher$PatchedModuleReader
Event: 1.341 loading class jdk/internal/module/ModulePatcher$PatchedModuleReader done
Event: 1.341 loading class sun/net/www/protocol/jrt/Handler
Event: 1.342 loading class sun/net/www/protocol/jrt/Handler done
Event: 1.347 loading class sun/text/resources/cldr/FormatData_en
Event: 1.347 loading class sun/text/resources/cldr/FormatData_en done
Event: 1.347 loading class sun/text/resources/cldr/FormatData_en_US
Event: 1.347 loading class sun/text/resources/cldr/FormatData_en_US done
Event: 1.358 loading class java/lang/SecurityException
Event: 1.358 loading class java/lang/SecurityException done
Event: 1.463 loading class jdk/internal/math/FDBigInteger
Event: 1.464 loading class jdk/internal/math/FDBigInteger done
Event: 1.890 Thread 0x00000216177c8ce0 Thread exited: 0x00000216177c8ce0


Dynamic libraries:
0x00007ff672d80000 - 0x00007ff672d90000 	C:\Program Files\Java\jdk-17.0.1\bin\java.exe
0x00007ffe20a30000 - 0x00007ffe20c25000 	C:\Windows\SYSTEM32\ntdll.dll
0x00007ffe1f7d0000 - 0x00007ffe1f88e000 	C:\Windows\System32\KERNEL32.DLL
0x00007ffe1e1e0000 - 0x00007ffe1e4a8000 	C:\Windows\System32\KERNELBASE.dll
0x00007ffe1e910000 - 0x00007ffe1ea10000 	C:\Windows\System32\ucrtbase.dll
0x00007ffe185a0000 - 0x00007ffe185ba000 	C:\Program Files\Java\jdk-17.0.1\bin\VCRUNTIME140.dll
0x00007ffe18580000 - 0x00007ffe18598000 	C:\Program Files\Java\jdk-17.0.1\bin\jli.dll
0x00007ffe1f3e0000 - 0x00007ffe1f48c000 	C:\Windows\System32\ADVAPI32.dll
0x00007ffe20950000 - 0x00007ffe209ee000 	C:\Windows\System32\msvcrt.dll
0x00007ffe200c0000 - 0x00007ffe2015b000 	C:\Windows\System32\sechost.dll
0x00007ffe1f490000 - 0x00007ffe1f5ba000 	C:\Windows\System32\RPCRT4.dll
0x00007ffe1ec70000 - 0x00007ffe1ee11000 	C:\Windows\System32\USER32.dll
0x00007ffe124c0000 - 0x00007ffe1275a000 	C:\Windows\WinSxS\amd64_microsoft.windows.common-controls_6595b64144ccf1df_6.0.19041.1110_none_60b5254171f9507e\COMCTL32.dll
0x00007ffe1ea10000 - 0x00007ffe1ea32000 	C:\Windows\System32\win32u.dll
0x00007ffe1ec40000 - 0x00007ffe1ec6b000 	C:\Windows\System32\GDI32.dll
0x00007ffe1e4b0000 - 0x00007ffe1e5bd000 	C:\Windows\System32\gdi32full.dll
0x00007ffe1e140000 - 0x00007ffe1e1dd000 	C:\Windows\System32\msvcp_win.dll
0x00007ffe16b30000 - 0x00007ffe16b3a000 	C:\Windows\SYSTEM32\VERSION.dll
0x00007ffe20090000 - 0x00007ffe200c0000 	C:\Windows\System32\IMM32.DLL
0x00007ffe16190000 - 0x00007ffe1619c000 	C:\Program Files\Java\jdk-17.0.1\bin\vcruntime140_1.dll
0x00007ffe06b20000 - 0x00007ffe06bad000 	C:\Program Files\Java\jdk-17.0.1\bin\msvcp140.dll
0x00007ffda13d0000 - 0x00007ffda1f8e000 	C:\Program Files\Java\jdk-17.0.1\bin\server\jvm.dll
0x00007ffe1f2c0000 - 0x00007ffe1f2c8000 	C:\Windows\System32\PSAPI.DLL
0x00007ffe02160000 - 0x00007ffe02169000 	C:\Windows\SYSTEM32\WSOCK32.dll
0x00007ffe146a0000 - 0x00007ffe146c7000 	C:\Windows\SYSTEM32\WINMM.dll
0x00007ffe20160000 - 0x00007ffe201cb000 	C:\Windows\System32\WS2_32.dll
0x00007ffe1c9c0000 - 0x00007ffe1c9d2000 	C:\Windows\SYSTEM32\kernel.appcore.dll
0x00007ffe12be0000 - 0x00007ffe12bea000 	C:\Program Files\Java\jdk-17.0.1\bin\jimage.dll
0x00007ffe119f0000 - 0x00007ffe11bd4000 	C:\Windows\SYSTEM32\DBGHELP.DLL
0x00007ffe119c0000 - 0x00007ffe119ec000 	C:\Windows\SYSTEM32\dbgcore.DLL
0x00007ffe1e880000 - 0x00007ffe1e902000 	C:\Windows\System32\bcryptPrimitives.dll
0x00007ffe1b280000 - 0x00007ffe1b28e000 	C:\Program Files\Java\jdk-17.0.1\bin\instrument.dll
0x00007ffe11cd0000 - 0x00007ffe11cf5000 	C:\Program Files\Java\jdk-17.0.1\bin\java.dll
0x00007ffe06a40000 - 0x00007ffe06b16000 	C:\Program Files\Java\jdk-17.0.1\bin\svml.dll
0x00007ffe201d0000 - 0x00007ffe20914000 	C:\Windows\System32\SHELL32.dll
0x00007ffe1c140000 - 0x00007ffe1c8d4000 	C:\Windows\SYSTEM32\windows.storage.dll
0x00007ffe1ef50000 - 0x00007ffe1f2a5000 	C:\Windows\System32\combase.dll
0x00007ffe1db90000 - 0x00007ffe1dbbe000 	C:\Windows\SYSTEM32\Wldp.dll
0x00007ffe1f2d0000 - 0x00007ffe1f37d000 	C:\Windows\System32\SHCORE.dll
0x00007ffe1eef0000 - 0x00007ffe1ef45000 	C:\Windows\System32\shlwapi.dll
0x00007ffe1e080000 - 0x00007ffe1e09f000 	C:\Windows\SYSTEM32\profapi.dll
0x00007ffe10d90000 - 0x00007ffe10da8000 	C:\Program Files\Java\jdk-17.0.1\bin\zip.dll
0x00007ffe11cb0000 - 0x00007ffe11cc9000 	C:\Program Files\Java\jdk-17.0.1\bin\net.dll
0x00007ffe13c80000 - 0x00007ffe13d8c000 	C:\Windows\SYSTEM32\WINHTTP.dll
0x00007ffe1d8f0000 - 0x00007ffe1d95a000 	C:\Windows\system32\mswsock.dll
0x00007ffe11c90000 - 0x00007ffe11ca5000 	C:\Program Files\Java\jdk-17.0.1\bin\nio.dll
0x00007ffe12bd0000 - 0x00007ffe12be0000 	C:\Program Files\Java\jdk-17.0.1\bin\verify.dll
0x00007ffddc7a0000 - 0x00007ffddc811000 	C:\Users\Edis Hasaj\AppData\Local\Temp\lwjglEdis Hasaj\3.3.0-build-21\lwjgl.dll
0x00007ffdedb40000 - 0x00007ffdedba1000 	C:\Users\EDISHA~1\AppData\Local\Temp\lwjglEdis Hasaj\3.3.0-build-21\glfw.dll
0x00007ffdfa2f0000 - 0x00007ffdfa335000 	C:\Windows\SYSTEM32\dinput8.dll
0x00007ffe17770000 - 0x00007ffe17781000 	C:\Windows\SYSTEM32\xinput1_4.dll
0x00007ffe1e5c0000 - 0x00007ffe1e60e000 	C:\Windows\System32\cfgmgr32.dll
0x00007ffe1dee0000 - 0x00007ffe1df14000 	C:\Windows\SYSTEM32\DEVOBJ.dll
0x00007ffe1bc50000 - 0x00007ffe1bc7f000 	C:\Windows\SYSTEM32\dwmapi.dll
0x00007ffe079c0000 - 0x00007ffe07b12000 	C:\Windows\SYSTEM32\inputhost.dll
0x00007ffe1ee20000 - 0x00007ffe1eeed000 	C:\Windows\System32\OLEAUT32.dll
0x00007ffe1b4d0000 - 0x00007ffe1b5c6000 	C:\Windows\SYSTEM32\PROPSYS.dll
0x00007ffe1a050000 - 0x00007ffe1a1a4000 	C:\Windows\SYSTEM32\wintypes.dll
0x00007ffe1ac30000 - 0x00007ffe1af8e000 	C:\Windows\SYSTEM32\CoreUIComponents.dll
0x00007ffe1af90000 - 0x00007ffe1b082000 	C:\Windows\SYSTEM32\CoreMessaging.dll
0x00007ffe1ce30000 - 0x00007ffe1ce63000 	C:\Windows\SYSTEM32\ntmarta.dll
0x00007ffe1b9c0000 - 0x00007ffe1ba5e000 	C:\Windows\system32\uxtheme.dll
0x00007ffe1eb20000 - 0x00007ffe1ec35000 	C:\Windows\System32\MSCTF.dll
0x00007ffdef350000 - 0x00007ffdef475000 	C:\Windows\SYSTEM32\opengl32.dll
0x00007ffdf6480000 - 0x00007ffdf64ac000 	C:\Windows\SYSTEM32\GLU32.dll
0x00007ffe1ea70000 - 0x00007ffe1eb19000 	C:\Windows\System32\clbcatq.dll
0x0000000057d00000 - 0x000000005a3c5000 	C:\Windows\System32\DriverStore\FileRepository\nvdmwi.inf_amd64_ced31cad40441515\nvoglv64.dll
0x00007ffe1f890000 - 0x00007ffe1fd02000 	C:\Windows\System32\SETUPAPI.dll
0x00007ffe1ea40000 - 0x00007ffe1ea67000 	C:\Windows\System32\bcrypt.dll
0x00007ffe1fe50000 - 0x00007ffe1ff7a000 	C:\Windows\System32\ole32.dll
0x00007ffe190c0000 - 0x00007ffe190d4000 	C:\Windows\SYSTEM32\WTSAPI32.dll
0x00007ffe1e6c0000 - 0x00007ffe1e720000 	C:\Windows\System32\WINTRUST.dll
0x00007ffe1e720000 - 0x00007ffe1e876000 	C:\Windows\System32\CRYPT32.dll
0x00007ffe1dd20000 - 0x00007ffe1dd32000 	C:\Windows\System32\MSASN1.dll
0x00007ffe14a10000 - 0x00007ffe14a4b000 	C:\Windows\SYSTEM32\dxcore.dll
0x00007ffe1d700000 - 0x00007ffe1d74b000 	C:\Windows\SYSTEM32\powrprof.dll
0x00007ffe1d570000 - 0x00007ffe1d582000 	C:\Windows\SYSTEM32\UMPDC.dll
0x00007ffe1cea0000 - 0x00007ffe1cefa000 	C:\Windows\SYSTEM32\WINSTA.dll
0x00007ffe0bd20000 - 0x00007ffe0be19000 	C:\Windows\SYSTEM32\textinputframework.dll
0x00007ffddb340000 - 0x00007ffddb39d000 	C:\Users\Edis Hasaj\AppData\Local\Temp\lwjglEdis Hasaj\3.3.0-build-21\lwjgl_opengl.dll
0x00007ffddaf80000 - 0x00007ffddb001000 	C:\Users\Edis Hasaj\AppData\Local\Temp\lwjglEdis Hasaj\3.3.0-build-21\lwjgl_stb.dll

dbghelp: loaded successfully - version: 4.0.5 - missing functions: none
symbol engine: initialized successfully - sym options: 0x614 - pdb path: .;C:\Program Files\Java\jdk-17.0.1\bin;C:\Windows\SYSTEM32;C:\Windows\WinSxS\amd64_microsoft.windows.common-controls_6595b64144ccf1df_6.0.19041.1110_none_60b5254171f9507e;C:\Program Files\Java\jdk-17.0.1\bin\server;C:\Users\Edis Hasaj\AppData\Local\Temp\lwjglEdis Hasaj\3.3.0-build-21;C:\Users\EDISHA~1\AppData\Local\Temp\lwjglEdis Hasaj\3.3.0-build-21;C:\Windows\System32\DriverStore\FileRepository\nvdmwi.inf_amd64_ced31cad40441515

VM Arguments:
jvm_args: -javaagent:C:\Users\Edis Hasaj\IdeaProjects\GE-Attempt\lwjgl javas\lwjglx-debug-1.0.0.jar -javaagent:C:\Users\Edis Hasaj\IdeaProjects\GE-Attempt\lwjgl javas\lwjglx-debug-1.0.0.jar -Dfile.encoding=windows-1252 -Duser.country=US -Duser.language=en -Duser.variant 
java_command: Main
java_class_path (initial): C:\Users\Edis Hasaj\IdeaProjects\GE-Attempt\build\classes\java\main;C:\Users\Edis Hasaj\IdeaProjects\GE-Attempt\build\resources\main;C:\Users\Edis Hasaj\IdeaProjects\GE-Attempt\lwjgl javas\lwjgl-javadoc.jar;C:\Users\Edis Hasaj\IdeaProjects\GE-Attempt\lwjgl javas\lwjgl-sources.jar;C:\Users\Edis Hasaj\IdeaProjects\GE-Attempt\lwjgl javas\lwjgl.jar;C:\Users\Edis Hasaj\IdeaProjects\GE-Attempt\lwjgl javas\lwjglx-debug-1.0.0.jar;C:\Users\Edis Hasaj\IdeaProjects\GE-Attempt\lwjgl javas\lwjglx-debug-1.0.0-javadoc.jar;C:\Users\Edis Hasaj\IdeaProjects\GE-Attempt\lwjgl javas\lwjglx-debug-1.0.0-sources.jar;C:\Users\Edis Hasaj\.gradle\caches\modules-2\files-2.1\org.lwjgl\lwjgl-assimp\3.3.0\82135e856184e76d38a97f729141298d3edcf0e4\lwjgl-assimp-3.3.0.jar;C:\Users\Edis Hasaj\.gradle\caches\modules-2\files-2.1\org.lwjgl\lwjgl-assimp\3.3.0\3256ea17d2f82e98a2e6464cb165a3af49ac5e36\lwjgl-assimp-3.3.0-natives-windows.jar;C:\Users\Edis Hasaj\.gradle\caches\modules-2\files-2.1\org.lwjgl\lwjgl-glfw\3.3.0\899e34f314525596f8fdb6476d3e56104da4601d\lwjgl-glfw-3.3.0.jar;C:\Users\Edis Hasaj\.gradle\caches\modules-2\files-2.1\org.lwjgl\lwjgl-glfw\3.3.0\b2d71cebdfecc512131879573e835211cb47b91f\lwjgl-glfw-3.3.0-natives-windows.jar;C:\Users\Edis Hasaj\.gradle\caches\modules-2\files-2.1\org.lwjgl\lwjgl-nfd\3.3.0\6d0e4be3e2811979b3cad55f642c5b13559fa202\lwjgl-nfd-3.3.0.jar;C:\Users\Edis Hasaj\.gradle\caches\modules-2\files-2.1\org.lwjgl\lwjgl-nfd\3.3.0\eabaa0a7dcf9597d6a11c2d706431fd884dd84d9\lwjgl-nfd-3.3.0-natives-windows.jar;C:\Users\Edis Hasaj\.gradle\caches\modules-2\files-2.1\org.lwjgl\lwjgl-openal\3.3.0\902dd57b5a46e8a75ee843c2db61f80b4d130d48\lwjgl-openal-3.3.0.jar;C:\Users\Edis Hasaj\.gradle\caches\modules-2\files-2.1\org.lwjgl\lwjgl-openal\3.3.0\d6e59a987bd196b9a7ce161db41fe1727b0d88f\lwjgl-openal-3.3.0-natives-windows.jar;C:\Users\Edis Hasaj\.gradle\caches\modules-2\files-2.1\org.lwjgl\lwjgl-opengl\3.3.0\a1f395f7758a3abd5aff75fc8a20368ac371631e\lwjgl-opengl-3.3.0.
Launcher Type: SUN_STANDARD

[Global flags]
     intx CICompilerCount                          = 4                                         {product} {ergonomic}
     uint ConcGCThreads                            = 2                                         {product} {ergonomic}
     uint G1ConcRefinementThreads                  = 8                                         {product} {ergonomic}
   size_t G1HeapRegionSize                         = 2097152                                   {product} {ergonomic}
    uintx GCDrainStackTargetSize                   = 64                                        {product} {ergonomic}
   size_t InitialHeapSize                          = 268435456                                 {product} {ergonomic}
   size_t MarkStackSize                            = 4194304                                   {product} {ergonomic}
   size_t MaxHeapSize                              = 4280287232                                {product} {ergonomic}
   size_t MaxNewSize                               = 2566914048                                {product} {ergonomic}
   size_t MinHeapDeltaBytes                        = 2097152                                   {product} {ergonomic}
   size_t MinHeapSize                              = 8388608                                   {product} {ergonomic}
    uintx NonNMethodCodeHeapSize                   = 5839372                                {pd product} {ergonomic}
    uintx NonProfiledCodeHeapSize                  = 122909434                              {pd product} {ergonomic}
    uintx ProfiledCodeHeapSize                     = 122909434                              {pd product} {ergonomic}
    uintx ReservedCodeCacheSize                    = 251658240                              {pd product} {ergonomic}
     bool SegmentedCodeCache                       = true                                      {product} {ergonomic}
   size_t SoftMaxHeapSize                          = 4280287232                             {manageable} {ergonomic}
     bool UseCompressedClassPointers               = true                           {product lp64_product} {ergonomic}
     bool UseCompressedOops                        = true                           {product lp64_product} {ergonomic}
     bool UseG1GC                                  = true                                      {product} {ergonomic}
     bool UseLargePagesIndividualAllocation        = false                                  {pd product} {ergonomic}

Logging:
Log output configuration:
 #0: stdout all=warning uptime,level,tags
 #1: stderr all=off uptime,level,tags

Environment Variables:
PATH=C:\Program Files\Common Files\Oracle\Java\javapath;C:\Windows\system32;C:\Windows;C:\Windows\System32\Wbem;C:\Windows\System32\WindowsPowerShell\v1.0\;C:\Windows\System32\OpenSSH\;C:\Program Files\Git\cmd;C:\Users\Edis Hasaj\AppData\Local\Microsoft\WindowsApps;C:\Users\Edis Hasaj\AppData\Local\GitHubDesktop\bin;C:\cygwin\bin;
USERNAME=Edis Hasaj
OS=Windows_NT
PROCESSOR_IDENTIFIER=Intel64 Family 6 Model 60 Stepping 3, GenuineIntel



---------------  S Y S T E M  ---------------

OS:
 Windows 10 , 64 bit Build 19041 (10.0.19041.1348)
OS uptime: 28 days 1:37 hours

CPU: total 8 (initial active 8) (4 cores per cpu, 2 threads per core) family 6 model 60 stepping 3 microcode 0x27, cx8, cmov, fxsr, ht, mmx, sse, sse2, sse3, ssse3, sse4.1, sse4.2, popcnt, lzcnt, tsc, tscinvbit, avx, avx2, aes, erms, clmul, bmi1, bmi2, fma, vzeroupper, clflush

Memory: 4k page, system-wide physical 16323M (6120M free)
TotalPageFile size 18755M (AvailPageFile size 3433M)
current process WorkingSet (physical memory assigned to process): 161M, peak: 161M
current process commit charge ("private bytes"): 428M, peak: 447M

vm_info: Java HotSpot(TM) 64-Bit Server VM (17.0.1+12-LTS-39) for windows-amd64 JRE (17.0.1+12-LTS-39), built on Sep 27 2021 18:41:35 by "mach5one" with MS VC++ 16.8 (VS2019)

END.
